Visual Class Library c:\sistemas\versiones\futura9\libs\tpv.vcx has the following errors:
    File COCACOLA.JPG - Undefined

Form c:\sistemas\versiones\futura9\forms\arbol.scx has the following errors:
    Proc./Func. BEFOREOPENTABLE - Undefined
    Program _CREPORTE - Undefined
    File H_POINT.CUR - Undefined

Form c:\sistemas\versiones\futura9\forms\sas_panel.scx has the following errors:
    Visual Class Library _MULTIMEDIA - Undefined

Form c:\sistemas\versiones\futura9\forms\fn_ordencobro.scx has the following errors:
    Report FN_PLANILLADESCUENTO - Undefined

Form c:\sistemas\versiones\futura9\forms\rs_restaurant.scx has the following errors:
    File LOGOTPV.JPG - Undefined
    File 83547444.BMP - Undefined

Form c:\sistemas\versiones\futura9\forms\rs_cobro.scx has the following errors:
    File 70089334.BMP - Undefined
    File 70099435.BMP - Undefined

Visual Class Library c:\sistemas\versiones\futura9\libs\bbmedia.vcx has the following errors:
    File 24.PNG - Undefined

Program c:\sistemas\versiones\futura9\progs\foxypreviewercaller.prg has the following errors:
    Program FOXYPREVIEWER - Undefined

